{
  "RSpec": {
    "coverage": {
      "/Users/davis/rails-ta/app/helpers/application_helper.rb": {
        "lines": [
          1,
          null
        ]
      },
      "/Users/davis/rails-ta/app/helpers/details_helper.rb": {
        "lines": [
          1,
          null
        ]
      },
      "/Users/davis/rails-ta/app/helpers/people_helper.rb": {
        "lines": [
          1,
          null
        ]
      },
      "/Users/davis/rails-ta/app/models/detail.rb": {
        "lines": [
          1,
          1,
          1,
          null
        ]
      },
      "/Users/davis/rails-ta/app/models/application_record.rb": {
        "lines": [
          1,
          1,
          null
        ]
      },
      "/Users/davis/rails-ta/app/models/person.rb": {
        "lines": [
          1,
          1,
          1,
          null
        ]
      },
      "/Users/davis/rails-ta/app/controllers/details_controller.rb": {
        "lines": [
          1,
          1,
          null,
          null,
          1,
          1,
          null,
          null,
          null,
          1,
          0,
          0,
          0,
          null,
          0,
          null,
          null,
          null,
          null,
          1,
          0,
          0,
          null,
          0,
          null,
          null,
          null,
          null,
          1,
          0,
          0,
          null,
          null,
          1,
          null,
          1,
          1,
          null,
          null,
          1,
          0,
          null,
          null
        ]
      },
      "/Users/davis/rails-ta/app/controllers/application_controller.rb": {
        "lines": [
          1,
          null
        ]
      },
      "/Users/davis/rails-ta/app/controllers/people_controller.rb": {
        "lines": [
          1,
          null,
          1,
          1,
          1,
          null,
          null,
          null,
          1,
          0,
          0,
          null,
          null,
          null,
          1,
          0,
          0,
          null,
          null,
          null,
          1,
          1,
          1,
          1,
          null,
          0,
          null,
          null,
          null,
          null,
          1,
          1,
          1,
          1,
          null,
          0,
          null,
          null,
          null,
          null,
          1,
          1,
          1,
          1,
          null,
          null,
          1,
          null,
          1,
          2,
          null,
          null
        ]
      },
      "/Users/davis/rails-ta/app/channels/application_cable/channel.rb": {
        "lines": [
          0,
          0,
          0,
          0
        ],
        "branches": {
        }
      },
      "/Users/davis/rails-ta/app/channels/application_cable/connection.rb": {
        "lines": [
          0,
          0,
          0,
          0
        ],
        "branches": {
        }
      },
      "/Users/davis/rails-ta/app/jobs/application_job.rb": {
        "lines": [
          0,
          null,
          null,
          null,
          null,
          null,
          0
        ],
        "branches": {
        }
      },
      "/Users/davis/rails-ta/app/mailers/application_mailer.rb": {
        "lines": [
          0,
          0,
          0,
          0
        ],
        "branches": {
        }
      }
    },
    "timestamp": 1708113733
  }
}
